2021-12-09 09:02:28,512 [Worker-2: Loading available Gradle versions] INFO  o.e.b.c.i.u.g.PublishedGradleVersions - Gradle version information cache is up-to-date. Trying to read.
2021-12-09 15:24:54,828 [Worker-6: Loading available Gradle versions] INFO  o.e.b.c.i.u.g.PublishedGradleVersions - Gradle version information cache is up-to-date. Trying to read.
2021-12-09 15:30:12,897 [JGit-FileStoreAttributeWriter-2] ERROR org.eclipse.jgit.util.FS - Cannot save config file 'FileBasedConfig[/Users/hwangduil/.config/jgit/config]'
java.io.IOException: Creating directories for /Users/hwangduil/.config/jgit failed
	at org.eclipse.jgit.util.FileUtils.mkdirs(FileUtils.java:411)
	at org.eclipse.jgit.internal.storage.file.LockFile.lock(LockFile.java:130)
	at org.eclipse.jgit.storage.file.FileBasedConfig.save(FileBasedConfig.java:219)
	at org.eclipse.jgit.util.FS$FileStoreAttributes.saveToConfig(FS.java:735)
	at org.eclipse.jgit.util.FS$FileStoreAttributes.lambda$4(FS.java:424)
	at java.base/java.util.concurrent.ThreadPoolExecutor.runWorker(ThreadPoolExecutor.java:1130)
	at java.base/java.util.concurrent.ThreadPoolExecutor$Worker.run(ThreadPoolExecutor.java:630)
	at java.base/java.lang.Thread.run(Thread.java:832)
2021-12-09 17:27:21,384 [Worker-7: Loading available Gradle versions] INFO  o.e.b.c.i.u.g.PublishedGradleVersions - Gradle version information cache is up-to-date. Trying to read.
2021-12-09 17:27:25,954 [JGit-FileStoreAttributeWriter-2] ERROR org.eclipse.jgit.util.FS - Cannot save config file 'FileBasedConfig[/Users/hwangduil/.config/jgit/config]'
java.io.IOException: Creating directories for /Users/hwangduil/.config/jgit failed
	at org.eclipse.jgit.util.FileUtils.mkdirs(FileUtils.java:411)
	at org.eclipse.jgit.internal.storage.file.LockFile.lock(LockFile.java:130)
	at org.eclipse.jgit.storage.file.FileBasedConfig.save(FileBasedConfig.java:219)
	at org.eclipse.jgit.util.FS$FileStoreAttributes.saveToConfig(FS.java:735)
	at org.eclipse.jgit.util.FS$FileStoreAttributes.lambda$4(FS.java:424)
	at java.base/java.util.concurrent.ThreadPoolExecutor.runWorker(ThreadPoolExecutor.java:1130)
	at java.base/java.util.concurrent.ThreadPoolExecutor$Worker.run(ThreadPoolExecutor.java:630)
	at java.base/java.lang.Thread.run(Thread.java:832)
